<?xml version="1.0" encoding="UTF-8" ?>
<testsuite errors="0" failures="0" hostname="heoyunhoui-MacBook-Pro.local" name="kr.ac.jejuuniv.UserDaoTest" tests="3" time="0.804" timestamp="2014-04-25T07:42:49">
  <properties>
[...]
</properties>
  <testcase classname="kr.ac.jejuuniv.UserDaoTest" name="delete" time="0.512" />
  <testcase classname="kr.ac.jejuuniv.UserDaoTest" name="add" time="0.05" />
  <testcase classname="kr.ac.jejuuniv.UserDaoTest" name="get" time="0.038" />
  <system-out><![CDATA[]]></system-out>
  <system-err><![CDATA[log4j:WARN No appenders could be found for logger (org.springframework.core.env.StandardEnvironment).
log4j:WARN Please initialize the log4j system properly.
]]></system-err>
</testsuite>
