<?xml version="1.0" encoding="UTF-8" ?>
<testsuite errors="0" failures="0" hostname="sleepman.local" name="kr.ac.jejuuniv.UserDaoTest" skipped="0" tests="3" time="0.841" timestamp="2015-04-24T07:24:24">
  <properties>
[...]
</properties>
  <testcase classname="kr.ac.jejuuniv.UserDaoTest" name="delete" time="0.704" />
  <testcase classname="kr.ac.jejuuniv.UserDaoTest" name="add" time="0.051" />
  <testcase classname="kr.ac.jejuuniv.UserDaoTest" name="get" time="0.036" />
  <system-out><![CDATA[]]></system-out>
  <system-err><![CDATA[log4j:WARN No appenders could be found for logger (org.springframework.core.env.StandardEnvironment).
log4j:WARN Please initialize the log4j system properly.
log4j:WARN See http://logging.apache.org/log4j/1.2/faq.html#noconfig for more info.
]]></system-err>
</testsuite>
